[     234ms] [LOG] Thu Jun 11 2026 06:08:37 GMT+0800 (中国标准时间) @ https://g.alicdn.com/AWSC/et/1.83.41/et_f.js:1
[     282ms] [LOG] 当前quantumIpc环境 undefined getIsPcNative: false @ https://g.alicdn.com/uc-cloud-drive-web-system/cloud-drive-web/4.5.97/share.js:0
[     283ms] [LOG] 当前环境不是 PC 夸克浏览器 @ https://g.alicdn.com/uc-cloud-drive-web-system/cloud-drive-web/4.5.97/share.js:0
[    2583ms] [ERROR] Failed to load resource: net::ERR_CONNECTION_REFUSED @ http://127.0.0.1:9129/desktop_share_visiting?pwd_id=102c8c75e5b8&passcode=:0
[    2584ms] [ERROR] Failed to load resource: net::ERR_CONNECTION_REFUSED @ http://127.0.0.1:9130/desktop_share_visiting?pwd_id=102c8c75e5b8&passcode=:0
[    2739ms] [LOG] listenhandle:  @ https://g.alicdn.com/uc-cloud-drive-web-system/cloud-drive-web/4.5.97/37.js:0
[    2910ms] [LOG] success! @ https://g.alicdn.com/uc-cloud-drive-web-system/cloud-drive-web/4.5.97/37.js:0
[    2958ms] [LOG] userid: f487f6ef-30b1-f6d7-5f86-a7f3dba1972f @ https://image.uc.cn/s/uae/g/1g/quark/fact_stat.js:1
[    2959ms] [LOG] userid: f487f6ef-30b1-f6d7-5f86-a7f3dba1972f @ https://image.uc.cn/s/uae/g/1g/quark/fact_stat.js:1
[    2983ms] [WARNING] [itrace says] using cookieStore @ https://g.alicdn.com/woodpeckerx/itrace-next/??itrace-jserror.iife.js,itrace-interface.iife.js,itrace-perf.iife.js,itrace-resource.iife.js,itrace-blank.iife.js,itrace.iife.js:5
[    3292ms] [LOG] 阿里云验证码2.0 SDK文件加载完成，等待初始化... @ https://image.uc.cn/s/uae/g/82/sso/public/js/next/aliyunCaptchaV2_8063713.js:0
[    3295ms] [LOG] {needUT: false, needWa: true, onlinetimeOn: true, onlineTimeChance: 100, exposureStatOn: true} @ https://image.uc.cn/s/uae/g/1g/quark/fact_stat.js:2
[    3295ms] [LOG] false @ https://image.uc.cn/s/uae/g/1g/quark/fact_stat.js:2
[    3462ms] [LOG] 阿里云验证码2.0 SDK初始化成功 @ https://image.uc.cn/s/uae/g/82/sso/public/js/next/aliyunCaptchaV2_8063713.js:0
[    3462ms] [LOG] 开始初始化阿里云验证码2.0，参数： {"SceneId":"1ml1ondj","prefix":"gd0da3","mode":"popup","element":"#nocaptcha","region":"cn","rem":0.9,"delayBeforeSuccess":false,"slideStyle":{"width":275}} @ https://image.uc.cn/s/uae/g/82/sso/public/js/next/aliyunCaptchaV2_8063713.js:0
[    3694ms] [LOG] 验证码2.0实例初始化成功 @ https://image.uc.cn/s/uae/g/82/sso/public/js/next/aliyunCaptchaV2_8063713.js:0
[    3854ms] [WARNING] Mixed Content: The page at 'https://pan.quark.cn/s/102c8c75e5b8#/list/share' was loaded over HTTPS, but requested an insecure element 'http://image.quark.cn/o/uop/1G7uS/;;0,uop/g/uop/avatar/5bea767c3ae3a047dcf42ea9ccc6bae7.png;3,60'. This request was automatically upgraded to HTTPS, For more information see https://blog.chromium.org/2019/10/no-more-mixed-messages-about-https.html @ https://g.alicdn.com/captcha-frontend/dynamicJS/3.25.1/sg.008.3144e835a5a82cf7.js:0
[    3868ms] [WARNING] Mixed Content: The page at 'https://pan.quark.cn/s/102c8c75e5b8#/list/share' was loaded over HTTPS, but requested an insecure element 'http://image.quark.cn/o/uop/g/uop/avatar/5bea767c3ae3a047dcf42ea9ccc6bae7.png;100;3,200'. This request was automatically upgraded to HTTPS, For more information see https://blog.chromium.org/2019/10/no-more-mixed-messages-about-https.html @ https://pan.quark.cn/s/102c8c75e5b8#/list/share:0
[    3892ms] [COUNT] %c%d: 1 @ https://g.alicdn.com/captcha-frontend/FeiLin/1.4.2/feilin071.f79c9dd03b9e7dc69cb2798932a1dccc9bb81349a8d360d99f15014cf400a8e9.js:0
[    3892ms] [DIR] %c%d font-size:0;color:transparent Error @ https://g.alicdn.com/captcha-frontend/FeiLin/1.4.2/feilin071.f79c9dd03b9e7dc69cb2798932a1dccc9bb81349a8d360d99f15014cf400a8e9.js:0
[    3892ms] [DIRXML] %c%d font-size:0;color:transparent Error @ https://g.alicdn.com/captcha-frontend/FeiLin/1.4.2/feilin071.f79c9dd03b9e7dc69cb2798932a1dccc9bb81349a8d360d99f15014cf400a8e9.js:0
[    3892ms] [INFO] %c%d font-size:0;color:transparent NaN @ https://g.alicdn.com/captcha-frontend/FeiLin/1.4.2/feilin071.f79c9dd03b9e7dc69cb2798932a1dccc9bb81349a8d360d99f15014cf400a8e9.js:0
[    3892ms] [INFO] %c%d font-size:0;color:transparent NaN @ https://g.alicdn.com/captcha-frontend/FeiLin/1.4.2/feilin071.f79c9dd03b9e7dc69cb2798932a1dccc9bb81349a8d360d99f15014cf400a8e9.js:0
[    3892ms] [LOG] %c%d font-size:0;color:transparent NaN @ https://g.alicdn.com/captcha-frontend/FeiLin/1.4.2/feilin071.f79c9dd03b9e7dc69cb2798932a1dccc9bb81349a8d360d99f15014cf400a8e9.js:0
[    3892ms] [TABLE] %c%d font-size:0;color:transparent Error @ https://g.alicdn.com/captcha-frontend/FeiLin/1.4.2/feilin071.f79c9dd03b9e7dc69cb2798932a1dccc9bb81349a8d360d99f15014cf400a8e9.js:0
[    3893ms] [INFO] %c%d font-size:0;color:transparent NaN @ https://g.alicdn.com/captcha-frontend/FeiLin/1.4.2/feilin071.f79c9dd03b9e7dc69cb2798932a1dccc9bb81349a8d360d99f15014cf400a8e9.js:0
[    3907ms] [WARNING] Mixed Content: The page at 'https://pan.quark.cn/s/102c8c75e5b8#/list/share' was loaded over HTTPS, but requested an insecure element 'http://image.quark.cn/o/uop/g/uop/avatar/5bea767c3ae3a047dcf42ea9ccc6bae7.png;100;3,200'. This request was automatically upgraded to HTTPS, For more information see https://blog.chromium.org/2019/10/no-more-mixed-messages-about-https.html @ https://pan.quark.cn/s/102c8c75e5b8#/list/share:0
[    6202ms] [WARNING] The ScriptProcessorNode is deprecated. Use AudioWorkletNode instead. (https://bit.ly/audio-worklet) @ https://g.alicdn.com/AWSC/fireyejs/1.231.67/fireyejs.js:0
