[     374ms] [INFO] %c%s line-height: 30px; color: #FF6699 bili-fe-fp: 1.1.4 @ https://s1.hdslb.com/bfs/seed/jinkela/short/user-fingerprint/bili-user-fingerprint.min.js:0
[     592ms] [INFO] %c bili-fe-mirror %c v2.1.0  padding: 2px 6px; border-radius: 3px 0 0 3px; color: #fff; background: #FF6699; font-weight: bold; padding: 2px 6px; border-radius: 0 3px 3px 0; color: #fff; background: #FF9999; font-weight: bold; @ https://s1.hdslb.com/bfs/seed/jinkela/short/b-mirror/biliMirror.umd.mini.js:1
[     592ms] [LOG] 白屏检测是否正常 {status: ok, loop: 0, data: Object} @ https://www.bilibili.com/video/BV1tNV16CE9v/?spm_id_from=333.1007.tianma.1-1-1.click:4
[    1252ms] [LOG] %c
                     //
         \\         //
          \\       //
    ##DDDDDDDDDDDDDDDDDDDDDD##
    ## DDDDDDDDDDDDDDDDDDDD ##   ________   ___   ___        ___   ________   ___   ___        ___
    ## hh                hh ##   |\   __  \ |\  \ |\  \      |\  \ |\   __  \ |\  \ |\  \      |\  \
    ## hh    //    \\    hh ##   \ \  \|\ /_\ \  \\ \  \     \ \  \\ \  \|\ /_\ \  \\ \  \     \ \  \
    ## hh   //      \\   hh ##    \ \   __  \\ \  \\ \  \     \ \  \\ \   __  \\ \  \\ \  \     \ \  \
    ## hh                hh ##     \ \  \|\  \\ \  \\ \  \____ \ \  \\ \  \|\  \\ \  \\ \  \____ \ \  \
    ## hh      wwww      hh ##      \ \_______\\ \__\\ \_______\\ \__\\ \_______\\ \__\\ \_______\\ \__\
    ## hh                hh ##       \|_______| \|__| \|_______| \|__| \|_______| \|__| \|_______| \|__|
    ## MMMMMMMMMMMMMMMMMMMM ##
    ##MMMMMMMMMMMMMMMMMMMMMM##                                          Release undefined@no release yet
         \/            \/                                       Powered by @bilibili/jinkela-core@2.8.14 color:#00a1d6 @ https://s1.hdslb.com/bfs/static/jinkela/video/video.c53e6b0be0db0d5820d0c10cfd6705474507ba22.js:0
[   21789ms] [WARNING] WebSocket connection to 'wss://ali-web-player-tracker.biliapi.net/socket.io/?buvid=5B68F60C-519D-5951-510E-24C4E6352C0172989infoc&sdkVersion=2.14.0%3Aleecher&aid=116684446761485&cid=38819663176&sessionid=c33wsBGhEDjQgyXfNAzRh&mid=1916787105&duration=198&testID=0&EIO=4&transport=websocket' failed: WebSocket is closed before the connection is established. @ https://s1.hdslb.com/bfs/static/nc/nc-loader-2.14.0.min.js:1
[   48622ms] [WARNING] WebSocket connection to 'wss://ali-web-player-tracker.biliapi.net/socket.io/?buvid=5B68F60C-519D-5951-510E-24C4E6352C0172989infoc&sdkVersion=2.14.0%3Aleecher&aid=116684446761485&cid=38819663176&sessionid=c33wsBGhEDjQgyXfNAzRh&mid=1916787105&duration=198&testID=0&EIO=4&transport=websocket' failed: WebSocket is closed before the connection is established. @ https://s1.hdslb.com/bfs/static/nc/nc-loader-2.14.0.min.js:1
[   81775ms] [WARNING] WebSocket connection to 'wss://ali-web-player-tracker.biliapi.net/socket.io/?buvid=5B68F60C-519D-5951-510E-24C4E6352C0172989infoc&sdkVersion=2.14.0%3Aleecher&aid=116684446761485&cid=38819663176&sessionid=c33wsBGhEDjQgyXfNAzRh&mid=1916787105&duration=198&testID=0&EIO=4&transport=websocket' failed: WebSocket is closed before the connection is established. @ https://s1.hdslb.com/bfs/static/nc/nc-loader-2.14.0.min.js:1
[   94005ms] [WARNING] [StorageCache] Trigger perf bottleneck @ https://s1.hdslb.com/bfs/static/player/main/core.edd97524.js:255
