[     924ms] [INFO] %c%s line-height: 30px; color: #FF6699 bili-fe-fp: 1.1.4 @ https://s1.hdslb.com/bfs/seed/jinkela/short/user-fingerprint/bili-user-fingerprint.min.js:0
[    1289ms] [INFO] %c bili-fe-mirror %c v2.1.0  padding: 2px 6px; border-radius: 3px 0 0 3px; color: #fff; background: #FF6699; font-weight: bold; padding: 2px 6px; border-radius: 0 3px 3px 0; color: #fff; background: #FF9999; font-weight: bold; @ https://s1.hdslb.com/bfs/seed/jinkela/short/b-mirror/biliMirror.umd.mini.js:1
[    1290ms] [LOG] 白屏检测是否正常 {status: ok, loop: 0, data: Object} @ https://www.bilibili.com/video/BV19M4m1f77X/:4
[    2056ms] [LOG] %c
                     //
         \\         //
          \\       //
    ##DDDDDDDDDDDDDDDDDDDDDD##
    ## DDDDDDDDDDDDDDDDDDDD ##   ________   ___   ___        ___   ________   ___   ___        ___
    ## hh                hh ##   |\   __  \ |\  \ |\  \      |\  \ |\   __  \ |\  \ |\  \      |\  \
    ## hh    //    \\    hh ##   \ \  \|\ /_\ \  \\ \  \     \ \  \\ \  \|\ /_\ \  \\ \  \     \ \  \
    ## hh   //      \\   hh ##    \ \   __  \\ \  \\ \  \     \ \  \\ \   __  \\ \  \\ \  \     \ \  \
    ## hh                hh ##     \ \  \|\  \\ \  \\ \  \____ \ \  \\ \  \|\  \\ \  \\ \  \____ \ \  \
    ## hh      wwww      hh ##      \ \_______\\ \__\\ \_______\\ \__\\ \_______\\ \__\\ \_______\\ \__\
    ## hh                hh ##       \|_______| \|__| \|_______| \|__| \|_______| \|__| \|_______| \|__|
    ## MMMMMMMMMMMMMMMMMMMM ##
    ##MMMMMMMMMMMMMMMMMMMMMM##                                          Release undefined@no release yet
         \/            \/                                       Powered by @bilibili/jinkela-core@2.8.14 color:#00a1d6 @ https://s1.hdslb.com/bfs/static/jinkela/video/video.c53e6b0be0db0d5820d0c10cfd6705474507ba22.js:0
[   23351ms] [WARNING] WebSocket connection to 'wss://ali-web-player-tracker.biliapi.net/socket.io/?buvid=5B68F60C-519D-5951-510E-24C4E6352C0172989infoc&sdkVersion=2.14.0%3Aleecher&aid=1303839710&cid=1526834113&sessionid=1SjsuQOdvNQuszEr7d65q&mid=0&duration=212&testID=0&EIO=4&transport=websocket' failed: WebSocket is closed before the connection is established. @ https://s1.hdslb.com/bfs/static/nc/nc-loader-2.14.0.min.js:1
[   51950ms] [WARNING] WebSocket connection to 'wss://ali-web-player-tracker.biliapi.net/socket.io/?buvid=5B68F60C-519D-5951-510E-24C4E6352C0172989infoc&sdkVersion=2.14.0%3Aleecher&aid=1303839710&cid=1526834113&sessionid=1SjsuQOdvNQuszEr7d65q&mid=0&duration=212&testID=0&EIO=4&transport=websocket' failed: WebSocket is closed before the connection is established. @ https://s1.hdslb.com/bfs/static/nc/nc-loader-2.14.0.min.js:1
[   57516ms] [WARNING] bili comments load error undefined @ https://s1.hdslb.com/bfs/seed/jinkela/commentpc/bili-comments.b264229dca.js:92
[   57569ms] undefined
[   57618ms] [WARNING] [Mirror]: Promise拒绝错误解析失败: undefined @ https://s1.hdslb.com/bfs/seed/jinkela/short/b-mirror/biliMirror.umd.mini.js:1
[   93088ms] [WARNING] WebSocket connection to 'wss://ali-web-player-tracker.biliapi.net/socket.io/?buvid=5B68F60C-519D-5951-510E-24C4E6352C0172989infoc&sdkVersion=2.14.0%3Aleecher&aid=1303839710&cid=1526834113&sessionid=1SjsuQOdvNQuszEr7d65q&mid=0&duration=212&testID=0&EIO=4&transport=websocket' failed: WebSocket is closed before the connection is established. @ https://s1.hdslb.com/bfs/static/nc/nc-loader-2.14.0.min.js:1
[  135632ms] [WARNING] Mixed Content: The page at 'https://www.bilibili.com/video/BV19M4m1f77X/?vd_source=62a6cb05cefb92c67087486c4d8203a3' was loaded over HTTPS, but requested an insecure element 'http://i0.hdslb.com/bfs/manga-static/f8d219b09f4d89bf80fb7fef8264bf365a9352a0.jpg@272w'. This request was automatically upgraded to HTTPS, For more information see https://blog.chromium.org/2019/10/no-more-mixed-messages-about-https.html @ https://www.bilibili.com/video/BV19M4m1f77X/?vd_source=62a6cb05cefb92c67087486c4d8203a3:0
[  167549ms] [WARNING] WebSocket connection to 'wss://ali-web-player-tracker.biliapi.net/socket.io/?buvid=5B68F60C-519D-5951-510E-24C4E6352C0172989infoc&sdkVersion=2.14.0%3Aleecher&aid=1303839710&cid=1526834113&sessionid=1SjsuQOdvNQuszEr7d65q&mid=0&duration=212&testID=0&EIO=4&transport=websocket' failed: WebSocket is closed before the connection is established. @ https://s1.hdslb.com/bfs/static/nc/nc-loader-2.14.0.min.js:1
[  176088ms] [WARNING] Deprecated API for given entry type. @ https://s1.hdslb.com/bfs/static/shanks/laputa-home/assets/index-e9843470.js:47
[  176091ms] [INFO] %c bili-fe-mirror %c v2.1.0  padding: 2px 6px; border-radius: 3px 0 0 3px; color: #fff; background: #FF6699; font-weight: bold; padding: 2px 6px; border-radius: 0 3px 3px 0; color: #fff; background: #FF9999; font-weight: bold; @ https://s1.hdslb.com/bfs/seed/jinkela/short/b-mirror/biliMirror.umd.mini.js:1
[  176256ms] [LOG] 白屏检测是否正常 {status: ok, loop: 0, data: Object} @ https://www.bilibili.com/?spm_id_from=333.788.0.0:159
[  177732ms] [INFO] %c%s line-height: 30px; color: #FF6699 bili-fe-fp: 1.1.4 @ https://s1.hdslb.com/bfs/seed/jinkela/short/user-fingerprint/bili-user-fingerprint.min.js:0
[  273762ms] [WARNING] [StorageCache] Trigger perf bottleneck @ https://s1.hdslb.com/bfs/static/player/main/core.e6ebab26.js:198
[  328451ms] [WARNING] WebSocket connection to 'wss://broadcast.chat.bilibili.com:7826/sub' failed: WebSocket is closed before the connection is established. @ https://s1.hdslb.com/bfs/seed/crayon/im/message-notify.js:0
[  338474ms] [WARNING] WebSocket connection to 'wss://broadcast.chat.bilibili.com:7826/sub' failed: WebSocket is closed before the connection is established. @ https://s1.hdslb.com/bfs/seed/crayon/im/message-notify.js:0
[  348490ms] [WARNING] WebSocket connection to 'wss://broadcast.chat.bilibili.com:7826/sub' failed: WebSocket is closed before the connection is established. @ https://s1.hdslb.com/bfs/seed/crayon/im/message-notify.js:0
