[     338ms] [LOG] %c
                     //
         \\         //
          \\       //
    ##DDDDDDDDDDDDDDDDDDDDDD##
    ## DDDDDDDDDDDDDDDDDDDD ##   ________   ___   ___        ___   ________   ___   ___        ___
    ## hh                hh ##   |\   __  \ |\  \ |\  \      |\  \ |\   __  \ |\  \ |\  \      |\  \
    ## hh    //    \\    hh ##   \ \  \|\ /_\ \  \\ \  \     \ \  \\ \  \|\ /_\ \  \\ \  \     \ \  \
    ## hh   //      \\   hh ##    \ \   __  \\ \  \\ \  \     \ \  \\ \   __  \\ \  \\ \  \     \ \  \
    ## hh                hh ##     \ \  \|\  \\ \  \\ \  \____ \ \  \\ \  \|\  \\ \  \\ \  \____ \ \  \
    ## hh      wwww      hh ##      \ \_______\\ \__\\ \_______\\ \__\\ \_______\\ \__\\ \_______\\ \__\
    ## hh                hh ##       \|_______| \|__| \|_______| \|__| \|_______| \|__| \|_______| \|__|
    ## MMMMMMMMMMMMMMMMMMMM ##
    ##MMMMMMMMMMMMMMMMMMMMMM##                                          Release undefined@no release yet
         \/            \/                                       Powered by @bilibili/jinkela-core@2.8.12 color:#00a1d6 @ https://s1.hdslb.com/bfs/static/home-v3/home-v3.81b6d1bac9e05c37d19721dd7cc3a2491d65cd7c.js:0
[     442ms] [WARNING] It is recommended that a robustness level be specified. Not specifying the robustness level could result in unexpected behavior. @ https://s1.hdslb.com/bfs/static/player/main/core.f300a47b.js:156
[     505ms] [ERROR] [bili-user] callback error: TypeError: Cannot read properties of undefined (reading 'access_key')
    at p.<anonymous> (https://s1.hdslb.com/bfs/static/home-v3/home-v3.81b6d1bac9e05c37d19721dd7cc3a2491d65cd7c.js:1:28981)
    at Array.<anonymous> (https://s1.hdslb.com/bfs/static/home-v3/1.home-v3.81b6d1bac9e05c37d19721dd7cc3a2491d65cd7c.js:1:9033)
    at p.dispatch (https://s1.hdslb.com/bfs/static/home-v3/1.home-v3.81b6d1bac9e05c37d19721dd7cc3a2491d65cd7c.js:7:1047)
    at p.dispatch (https://s1.hdslb.com/bfs/static/home-v3/1.home-v3.81b6d1bac9e05c37d19721dd7cc3a2491d65cd7c.js:1:6264)
    at s.refreshLoginInfo (https://s1.hdslb.com/bfs/static/home-v3/home-v3.81b6d1bac9e05c37d19721dd7cc3a2491d65cd7c.js:1:197267)
    at A.value (https://s1.hdslb.com/bfs/seed/laputa-header/bili-header.umd.js:25:10867)
    at https://s1.hdslb.com/bfs/seed/laputa-header/bili-header.umd.js:25:11854 @ https://s1.hdslb.com/bfs/seed/laputa-header/bili-header.umd.js:24
[     520ms] [ERROR] [bili-user] callback error: TypeError: Cannot read properties of undefined (reading 'access_key')
    at p.<anonymous> (https://s1.hdslb.com/bfs/static/home-v3/home-v3.81b6d1bac9e05c37d19721dd7cc3a2491d65cd7c.js:1:28981)
    at Array.<anonymous> (https://s1.hdslb.com/bfs/static/home-v3/1.home-v3.81b6d1bac9e05c37d19721dd7cc3a2491d65cd7c.js:1:9033)
    at p.dispatch (https://s1.hdslb.com/bfs/static/home-v3/1.home-v3.81b6d1bac9e05c37d19721dd7cc3a2491d65cd7c.js:7:1047)
    at p.dispatch (https://s1.hdslb.com/bfs/static/home-v3/1.home-v3.81b6d1bac9e05c37d19721dd7cc3a2491d65cd7c.js:1:6264)
    at s.refreshLoginInfo (https://s1.hdslb.com/bfs/static/home-v3/home-v3.81b6d1bac9e05c37d19721dd7cc3a2491d65cd7c.js:1:197267)
    at A.value (https://s1.hdslb.com/bfs/seed/laputa-header/bili-header.umd.js:25:10867)
    at A.value (https://s1.hdslb.com/bfs/seed/laputa-header/bili-header.umd.js:25:11719)
    at A.value (https://s1.hdslb.com/bfs/seed/laputa-header/bili-header.umd.js:25:12234)
    at A.value (https://s1.hdslb.com/bfs/seed/laputa-header/bili-header.umd.js:25:12497)
    at https://s1.hdslb.com/bfs/seed/laputa-header/bili-header.umd.js:30:478895 @ https://s1.hdslb.com/bfs/seed/laputa-header/bili-header.umd.js:24
[     521ms] [ERROR] [bili-user] callback error: TypeError: Cannot read properties of undefined (reading 'access_key')
    at p.<anonymous> (https://s1.hdslb.com/bfs/static/home-v3/home-v3.81b6d1bac9e05c37d19721dd7cc3a2491d65cd7c.js:1:28981)
    at Array.<anonymous> (https://s1.hdslb.com/bfs/static/home-v3/1.home-v3.81b6d1bac9e05c37d19721dd7cc3a2491d65cd7c.js:1:9033)
    at p.dispatch (https://s1.hdslb.com/bfs/static/home-v3/1.home-v3.81b6d1bac9e05c37d19721dd7cc3a2491d65cd7c.js:7:1047)
    at p.dispatch (https://s1.hdslb.com/bfs/static/home-v3/1.home-v3.81b6d1bac9e05c37d19721dd7cc3a2491d65cd7c.js:1:6264)
    at s.refreshLoginInfo (https://s1.hdslb.com/bfs/static/home-v3/home-v3.81b6d1bac9e05c37d19721dd7cc3a2491d65cd7c.js:1:197267)
    at A.value (https://s1.hdslb.com/bfs/seed/laputa-header/bili-header.umd.js:25:10867)
    at A.value (https://s1.hdslb.com/bfs/seed/laputa-header/bili-header.umd.js:25:11719)
    at A.value (https://s1.hdslb.com/bfs/seed/laputa-header/bili-header.umd.js:25:12234)
    at A.value (https://s1.hdslb.com/bfs/seed/laputa-header/bili-header.umd.js:25:12497)
    at https://s1.hdslb.com/bfs/seed/laputa-header/bili-header.umd.js:30:467964 @ https://s1.hdslb.com/bfs/seed/laputa-header/bili-header.umd.js:24
[     522ms] [ERROR] [bili-user] callback error: TypeError: Cannot read properties of undefined (reading 'access_key')
    at p.<anonymous> (https://s1.hdslb.com/bfs/static/home-v3/home-v3.81b6d1bac9e05c37d19721dd7cc3a2491d65cd7c.js:1:28981)
    at Array.<anonymous> (https://s1.hdslb.com/bfs/static/home-v3/1.home-v3.81b6d1bac9e05c37d19721dd7cc3a2491d65cd7c.js:1:9033)
    at p.dispatch (https://s1.hdslb.com/bfs/static/home-v3/1.home-v3.81b6d1bac9e05c37d19721dd7cc3a2491d65cd7c.js:7:1047)
    at p.dispatch (https://s1.hdslb.com/bfs/static/home-v3/1.home-v3.81b6d1bac9e05c37d19721dd7cc3a2491d65cd7c.js:1:6264)
    at s.refreshLoginInfo (https://s1.hdslb.com/bfs/static/home-v3/home-v3.81b6d1bac9e05c37d19721dd7cc3a2491d65cd7c.js:1:197267)
    at A.value (https://s1.hdslb.com/bfs/seed/laputa-header/bili-header.umd.js:25:10867)
    at A.value (https://s1.hdslb.com/bfs/seed/laputa-header/bili-header.umd.js:25:11719)
    at A.value (https://s1.hdslb.com/bfs/seed/laputa-header/bili-header.umd.js:25:12234)
    at A.value (https://s1.hdslb.com/bfs/seed/laputa-header/bili-header.umd.js:25:12497)
    at https://s1.hdslb.com/bfs/seed/laputa-header/bili-header.umd.js:30:658469 @ https://s1.hdslb.com/bfs/seed/laputa-header/bili-header.umd.js:24
[     522ms] [ERROR] [bili-user] callback error: TypeError: Cannot read properties of undefined (reading 'access_key')
    at p.<anonymous> (https://s1.hdslb.com/bfs/static/home-v3/home-v3.81b6d1bac9e05c37d19721dd7cc3a2491d65cd7c.js:1:28981)
    at Array.<anonymous> (https://s1.hdslb.com/bfs/static/home-v3/1.home-v3.81b6d1bac9e05c37d19721dd7cc3a2491d65cd7c.js:1:9033)
    at p.dispatch (https://s1.hdslb.com/bfs/static/home-v3/1.home-v3.81b6d1bac9e05c37d19721dd7cc3a2491d65cd7c.js:7:1047)
    at p.dispatch (https://s1.hdslb.com/bfs/static/home-v3/1.home-v3.81b6d1bac9e05c37d19721dd7cc3a2491d65cd7c.js:1:6264)
    at s.refreshLoginInfo (https://s1.hdslb.com/bfs/static/home-v3/home-v3.81b6d1bac9e05c37d19721dd7cc3a2491d65cd7c.js:1:197267)
    at A.value (https://s1.hdslb.com/bfs/seed/laputa-header/bili-header.umd.js:25:10867)
    at A.value (https://s1.hdslb.com/bfs/seed/laputa-header/bili-header.umd.js:25:11719)
    at A.value (https://s1.hdslb.com/bfs/seed/laputa-header/bili-header.umd.js:25:12234)
    at A.value (https://s1.hdslb.com/bfs/seed/laputa-header/bili-header.umd.js:25:12497)
    at https://s1.hdslb.com/bfs/seed/laputa-header/bili-header.umd.js:30:662587 @ https://s1.hdslb.com/bfs/seed/laputa-header/bili-header.umd.js:24
[     523ms] [ERROR] [bili-user] callback error: TypeError: Cannot read properties of undefined (reading 'access_key')
    at p.<anonymous> (https://s1.hdslb.com/bfs/static/home-v3/home-v3.81b6d1bac9e05c37d19721dd7cc3a2491d65cd7c.js:1:28981)
    at Array.<anonymous> (https://s1.hdslb.com/bfs/static/home-v3/1.home-v3.81b6d1bac9e05c37d19721dd7cc3a2491d65cd7c.js:1:9033)
    at p.dispatch (https://s1.hdslb.com/bfs/static/home-v3/1.home-v3.81b6d1bac9e05c37d19721dd7cc3a2491d65cd7c.js:7:1047)
    at p.dispatch (https://s1.hdslb.com/bfs/static/home-v3/1.home-v3.81b6d1bac9e05c37d19721dd7cc3a2491d65cd7c.js:1:6264)
    at s.refreshLoginInfo (https://s1.hdslb.com/bfs/static/home-v3/home-v3.81b6d1bac9e05c37d19721dd7cc3a2491d65cd7c.js:1:197267)
    at A.value (https://s1.hdslb.com/bfs/seed/laputa-header/bili-header.umd.js:25:10867)
    at A.value (https://s1.hdslb.com/bfs/seed/laputa-header/bili-header.umd.js:25:11719)
    at A.value (https://s1.hdslb.com/bfs/seed/laputa-header/bili-header.umd.js:25:12234)
    at A.value (https://s1.hdslb.com/bfs/seed/laputa-header/bili-header.umd.js:25:12497)
    at https://s1.hdslb.com/bfs/seed/laputa-header/bili-header.umd.js:30:569468 @ https://s1.hdslb.com/bfs/seed/laputa-header/bili-header.umd.js:24
[     523ms] [ERROR] [bili-user] callback error: TypeError: Cannot read properties of undefined (reading 'access_key')
    at p.<anonymous> (https://s1.hdslb.com/bfs/static/home-v3/home-v3.81b6d1bac9e05c37d19721dd7cc3a2491d65cd7c.js:1:28981)
    at Array.<anonymous> (https://s1.hdslb.com/bfs/static/home-v3/1.home-v3.81b6d1bac9e05c37d19721dd7cc3a2491d65cd7c.js:1:9033)
    at p.dispatch (https://s1.hdslb.com/bfs/static/home-v3/1.home-v3.81b6d1bac9e05c37d19721dd7cc3a2491d65cd7c.js:7:1047)
    at p.dispatch (https://s1.hdslb.com/bfs/static/home-v3/1.home-v3.81b6d1bac9e05c37d19721dd7cc3a2491d65cd7c.js:1:6264)
    at s.refreshLoginInfo (https://s1.hdslb.com/bfs/static/home-v3/home-v3.81b6d1bac9e05c37d19721dd7cc3a2491d65cd7c.js:1:197267)
    at A.value (https://s1.hdslb.com/bfs/seed/laputa-header/bili-header.umd.js:25:10867)
    at A.value (https://s1.hdslb.com/bfs/seed/laputa-header/bili-header.umd.js:25:11719)
    at A.value (https://s1.hdslb.com/bfs/seed/laputa-header/bili-header.umd.js:25:12234)
    at A.value (https://s1.hdslb.com/bfs/seed/laputa-header/bili-header.umd.js:25:12497)
    at v (https://s1.hdslb.com/bfs/seed/laputa-header/bili-header.umd.js:30:513087) @ https://s1.hdslb.com/bfs/seed/laputa-header/bili-header.umd.js:24
[     951ms] [INFO] %c bili-fe-mirror %c v2.1.0  padding: 2px 6px; border-radius: 3px 0 0 3px; color: #fff; background: #FF6699; font-weight: bold; padding: 2px 6px; border-radius: 0 3px 3px 0; color: #fff; background: #FF9999; font-weight: bold; @ https://s1.hdslb.com/bfs/seed/jinkela/short/b-mirror/biliMirror.umd.mini.js:1
[    1145ms] [WARNING] It is recommended that a robustness level be specified. Not specifying the robustness level could result in unexpected behavior. @ https://s1.hdslb.com/bfs/static/player/main/core.f300a47b.js:156
[    1184ms] [INFO] %c%s line-height: 30px; color: #FF6699 bili-fe-fp: 1.1.4 @ https://s1.hdslb.com/bfs/seed/jinkela/short/user-fingerprint/bili-user-fingerprint.min.js:0
[    3683ms] [WARNING] It is recommended that a robustness level be specified. Not specifying the robustness level could result in unexpected behavior. @ https://s1.hdslb.com/bfs/static/player/main/core.f300a47b.js:94
[    3741ms] [WARNING] Mixed Content: The page at 'https://www.bilibili.com/anime/?spm_id_from=333.788.0.0' was loaded over HTTPS, but requested an insecure element 'http://i0.hdslb.com/bfs/manga-static/098f9f01e59beecd77d14b0e2eee5ef4cb549d0b.jpg@272w'. This request was automatically upgraded to HTTPS, For more information see https://blog.chromium.org/2019/10/no-more-mixed-messages-about-https.html @ https://www.bilibili.com/anime/?spm_id_from=333.788.0.0:0
[    3741ms] [WARNING] Mixed Content: The page at 'https://www.bilibili.com/anime/?spm_id_from=333.788.0.0' was loaded over HTTPS, but requested an insecure element 'http://i0.hdslb.com/bfs/manga-static/78876fdef412fa995ae5cce7cc30af1ff61f4ac7.png@272w'. This request was automatically upgraded to HTTPS, For more information see https://blog.chromium.org/2019/10/no-more-mixed-messages-about-https.html @ https://www.bilibili.com/anime/?spm_id_from=333.788.0.0:0
[    3741ms] [WARNING] Mixed Content: The page at 'https://www.bilibili.com/anime/?spm_id_from=333.788.0.0' was loaded over HTTPS, but requested an insecure element 'http://i0.hdslb.com/bfs/manga-static/d9ee84f8bab10116c9521d6344c520699a6968e1.jpg@272w'. This request was automatically upgraded to HTTPS, For more information see https://blog.chromium.org/2019/10/no-more-mixed-messages-about-https.html @ https://www.bilibili.com/anime/?spm_id_from=333.788.0.0:0
