[     403ms] [LOG] %c
                     //
         \\         //
          \\       //
    ##DDDDDDDDDDDDDDDDDDDDDD##
    ## DDDDDDDDDDDDDDDDDDDD ##   ________   ___   ___        ___   ________   ___   ___        ___
    ## hh                hh ##   |\   __  \ |\  \ |\  \      |\  \ |\   __  \ |\  \ |\  \      |\  \
    ## hh    //    \\    hh ##   \ \  \|\ /_\ \  \\ \  \     \ \  \\ \  \|\ /_\ \  \\ \  \     \ \  \
    ## hh   //      \\   hh ##    \ \   __  \\ \  \\ \  \     \ \  \\ \   __  \\ \  \\ \  \     \ \  \
    ## hh                hh ##     \ \  \|\  \\ \  \\ \  \____ \ \  \\ \  \|\  \\ \  \\ \  \____ \ \  \
    ## hh      wwww      hh ##      \ \_______\\ \__\\ \_______\\ \__\\ \_______\\ \__\\ \_______\\ \__\
    ## hh                hh ##       \|_______| \|__| \|_______| \|__| \|_______| \|__| \|_______| \|__|
    ## MMMMMMMMMMMMMMMMMMMM ##
    ##MMMMMMMMMMMMMMMMMMMMMM##                                          Release undefined@no release yet
         \/            \/                                       Powered by @bilibili/jinkela-core@2.8.12 color:#00a1d6 @ https://s1.hdslb.com/bfs/static/home-v3/home-v3.81b6d1bac9e05c37d19721dd7cc3a2491d65cd7c.js:0
[     547ms] [ERROR] [bili-user] callback error: TypeError: Cannot read properties of undefined (reading 'access_key')
    at p.<anonymous> (https://s1.hdslb.com/bfs/static/home-v3/home-v3.81b6d1bac9e05c37d19721dd7cc3a2491d65cd7c.js:1:28981)
    at Array.<anonymous> (https://s1.hdslb.com/bfs/static/home-v3/1.home-v3.81b6d1bac9e05c37d19721dd7cc3a2491d65cd7c.js:1:9033)
    at p.dispatch (https://s1.hdslb.com/bfs/static/home-v3/1.home-v3.81b6d1bac9e05c37d19721dd7cc3a2491d65cd7c.js:7:1047)
    at p.dispatch (https://s1.hdslb.com/bfs/static/home-v3/1.home-v3.81b6d1bac9e05c37d19721dd7cc3a2491d65cd7c.js:1:6264)
    at s.refreshLoginInfo (https://s1.hdslb.com/bfs/static/home-v3/home-v3.81b6d1bac9e05c37d19721dd7cc3a2491d65cd7c.js:1:197267)
    at A.value (https://s1.hdslb.com/bfs/seed/laputa-header/bili-header.umd.js:25:10867)
    at https://s1.hdslb.com/bfs/seed/laputa-header/bili-header.umd.js:25:11854 @ https://s1.hdslb.com/bfs/seed/laputa-header/bili-header.umd.js:24
[     563ms] [ERROR] [bili-user] callback error: TypeError: Cannot read properties of undefined (reading 'access_key')
    at p.<anonymous> (https://s1.hdslb.com/bfs/static/home-v3/home-v3.81b6d1bac9e05c37d19721dd7cc3a2491d65cd7c.js:1:28981)
    at Array.<anonymous> (https://s1.hdslb.com/bfs/static/home-v3/1.home-v3.81b6d1bac9e05c37d19721dd7cc3a2491d65cd7c.js:1:9033)
    at p.dispatch (https://s1.hdslb.com/bfs/static/home-v3/1.home-v3.81b6d1bac9e05c37d19721dd7cc3a2491d65cd7c.js:7:1047)
    at p.dispatch (https://s1.hdslb.com/bfs/static/home-v3/1.home-v3.81b6d1bac9e05c37d19721dd7cc3a2491d65cd7c.js:1:6264)
    at s.refreshLoginInfo (https://s1.hdslb.com/bfs/static/home-v3/home-v3.81b6d1bac9e05c37d19721dd7cc3a2491d65cd7c.js:1:197267)
    at A.value (https://s1.hdslb.com/bfs/seed/laputa-header/bili-header.umd.js:25:10867)
    at A.value (https://s1.hdslb.com/bfs/seed/laputa-header/bili-header.umd.js:25:11719)
    at A.value (https://s1.hdslb.com/bfs/seed/laputa-header/bili-header.umd.js:25:12234)
    at A.value (https://s1.hdslb.com/bfs/seed/laputa-header/bili-header.umd.js:25:12497)
    at https://s1.hdslb.com/bfs/seed/laputa-header/bili-header.umd.js:30:478895 @ https://s1.hdslb.com/bfs/seed/laputa-header/bili-header.umd.js:24
[     564ms] [ERROR] [bili-user] callback error: TypeError: Cannot read properties of undefined (reading 'access_key')
    at p.<anonymous> (https://s1.hdslb.com/bfs/static/home-v3/home-v3.81b6d1bac9e05c37d19721dd7cc3a2491d65cd7c.js:1:28981)
    at Array.<anonymous> (https://s1.hdslb.com/bfs/static/home-v3/1.home-v3.81b6d1bac9e05c37d19721dd7cc3a2491d65cd7c.js:1:9033)
    at p.dispatch (https://s1.hdslb.com/bfs/static/home-v3/1.home-v3.81b6d1bac9e05c37d19721dd7cc3a2491d65cd7c.js:7:1047)
    at p.dispatch (https://s1.hdslb.com/bfs/static/home-v3/1.home-v3.81b6d1bac9e05c37d19721dd7cc3a2491d65cd7c.js:1:6264)
    at s.refreshLoginInfo (https://s1.hdslb.com/bfs/static/home-v3/home-v3.81b6d1bac9e05c37d19721dd7cc3a2491d65cd7c.js:1:197267)
    at A.value (https://s1.hdslb.com/bfs/seed/laputa-header/bili-header.umd.js:25:10867)
    at A.value (https://s1.hdslb.com/bfs/seed/laputa-header/bili-header.umd.js:25:11719)
    at A.value (https://s1.hdslb.com/bfs/seed/laputa-header/bili-header.umd.js:25:12234)
    at A.value (https://s1.hdslb.com/bfs/seed/laputa-header/bili-header.umd.js:25:12497)
    at https://s1.hdslb.com/bfs/seed/laputa-header/bili-header.umd.js:30:467964 @ https://s1.hdslb.com/bfs/seed/laputa-header/bili-header.umd.js:24
[     564ms] [ERROR] [bili-user] callback error: TypeError: Cannot read properties of undefined (reading 'access_key')
    at p.<anonymous> (https://s1.hdslb.com/bfs/static/home-v3/home-v3.81b6d1bac9e05c37d19721dd7cc3a2491d65cd7c.js:1:28981)
    at Array.<anonymous> (https://s1.hdslb.com/bfs/static/home-v3/1.home-v3.81b6d1bac9e05c37d19721dd7cc3a2491d65cd7c.js:1:9033)
    at p.dispatch (https://s1.hdslb.com/bfs/static/home-v3/1.home-v3.81b6d1bac9e05c37d19721dd7cc3a2491d65cd7c.js:7:1047)
    at p.dispatch (https://s1.hdslb.com/bfs/static/home-v3/1.home-v3.81b6d1bac9e05c37d19721dd7cc3a2491d65cd7c.js:1:6264)
    at s.refreshLoginInfo (https://s1.hdslb.com/bfs/static/home-v3/home-v3.81b6d1bac9e05c37d19721dd7cc3a2491d65cd7c.js:1:197267)
    at A.value (https://s1.hdslb.com/bfs/seed/laputa-header/bili-header.umd.js:25:10867)
    at A.value (https://s1.hdslb.com/bfs/seed/laputa-header/bili-header.umd.js:25:11719)
    at A.value (https://s1.hdslb.com/bfs/seed/laputa-header/bili-header.umd.js:25:12234)
    at A.value (https://s1.hdslb.com/bfs/seed/laputa-header/bili-header.umd.js:25:12497)
    at https://s1.hdslb.com/bfs/seed/laputa-header/bili-header.umd.js:30:658469 @ https://s1.hdslb.com/bfs/seed/laputa-header/bili-header.umd.js:24
[     565ms] [ERROR] [bili-user] callback error: TypeError: Cannot read properties of undefined (reading 'access_key')
    at p.<anonymous> (https://s1.hdslb.com/bfs/static/home-v3/home-v3.81b6d1bac9e05c37d19721dd7cc3a2491d65cd7c.js:1:28981)
    at Array.<anonymous> (https://s1.hdslb.com/bfs/static/home-v3/1.home-v3.81b6d1bac9e05c37d19721dd7cc3a2491d65cd7c.js:1:9033)
    at p.dispatch (https://s1.hdslb.com/bfs/static/home-v3/1.home-v3.81b6d1bac9e05c37d19721dd7cc3a2491d65cd7c.js:7:1047)
    at p.dispatch (https://s1.hdslb.com/bfs/static/home-v3/1.home-v3.81b6d1bac9e05c37d19721dd7cc3a2491d65cd7c.js:1:6264)
    at s.refreshLoginInfo (https://s1.hdslb.com/bfs/static/home-v3/home-v3.81b6d1bac9e05c37d19721dd7cc3a2491d65cd7c.js:1:197267)
    at A.value (https://s1.hdslb.com/bfs/seed/laputa-header/bili-header.umd.js:25:10867)
    at A.value (https://s1.hdslb.com/bfs/seed/laputa-header/bili-header.umd.js:25:11719)
    at A.value (https://s1.hdslb.com/bfs/seed/laputa-header/bili-header.umd.js:25:12234)
    at A.value (https://s1.hdslb.com/bfs/seed/laputa-header/bili-header.umd.js:25:12497)
    at https://s1.hdslb.com/bfs/seed/laputa-header/bili-header.umd.js:30:662587 @ https://s1.hdslb.com/bfs/seed/laputa-header/bili-header.umd.js:24
[     565ms] [ERROR] [bili-user] callback error: TypeError: Cannot read properties of undefined (reading 'access_key')
    at p.<anonymous> (https://s1.hdslb.com/bfs/static/home-v3/home-v3.81b6d1bac9e05c37d19721dd7cc3a2491d65cd7c.js:1:28981)
    at Array.<anonymous> (https://s1.hdslb.com/bfs/static/home-v3/1.home-v3.81b6d1bac9e05c37d19721dd7cc3a2491d65cd7c.js:1:9033)
    at p.dispatch (https://s1.hdslb.com/bfs/static/home-v3/1.home-v3.81b6d1bac9e05c37d19721dd7cc3a2491d65cd7c.js:7:1047)
    at p.dispatch (https://s1.hdslb.com/bfs/static/home-v3/1.home-v3.81b6d1bac9e05c37d19721dd7cc3a2491d65cd7c.js:1:6264)
    at s.refreshLoginInfo (https://s1.hdslb.com/bfs/static/home-v3/home-v3.81b6d1bac9e05c37d19721dd7cc3a2491d65cd7c.js:1:197267)
    at A.value (https://s1.hdslb.com/bfs/seed/laputa-header/bili-header.umd.js:25:10867)
    at A.value (https://s1.hdslb.com/bfs/seed/laputa-header/bili-header.umd.js:25:11719)
    at A.value (https://s1.hdslb.com/bfs/seed/laputa-header/bili-header.umd.js:25:12234)
    at A.value (https://s1.hdslb.com/bfs/seed/laputa-header/bili-header.umd.js:25:12497)
    at https://s1.hdslb.com/bfs/seed/laputa-header/bili-header.umd.js:30:569468 @ https://s1.hdslb.com/bfs/seed/laputa-header/bili-header.umd.js:24
[     565ms] [ERROR] [bili-user] callback error: TypeError: Cannot read properties of undefined (reading 'access_key')
    at p.<anonymous> (https://s1.hdslb.com/bfs/static/home-v3/home-v3.81b6d1bac9e05c37d19721dd7cc3a2491d65cd7c.js:1:28981)
    at Array.<anonymous> (https://s1.hdslb.com/bfs/static/home-v3/1.home-v3.81b6d1bac9e05c37d19721dd7cc3a2491d65cd7c.js:1:9033)
    at p.dispatch (https://s1.hdslb.com/bfs/static/home-v3/1.home-v3.81b6d1bac9e05c37d19721dd7cc3a2491d65cd7c.js:7:1047)
    at p.dispatch (https://s1.hdslb.com/bfs/static/home-v3/1.home-v3.81b6d1bac9e05c37d19721dd7cc3a2491d65cd7c.js:1:6264)
    at s.refreshLoginInfo (https://s1.hdslb.com/bfs/static/home-v3/home-v3.81b6d1bac9e05c37d19721dd7cc3a2491d65cd7c.js:1:197267)
    at A.value (https://s1.hdslb.com/bfs/seed/laputa-header/bili-header.umd.js:25:10867)
    at A.value (https://s1.hdslb.com/bfs/seed/laputa-header/bili-header.umd.js:25:11719)
    at A.value (https://s1.hdslb.com/bfs/seed/laputa-header/bili-header.umd.js:25:12234)
    at A.value (https://s1.hdslb.com/bfs/seed/laputa-header/bili-header.umd.js:25:12497)
    at v (https://s1.hdslb.com/bfs/seed/laputa-header/bili-header.umd.js:30:513087) @ https://s1.hdslb.com/bfs/seed/laputa-header/bili-header.umd.js:24
[     593ms] [ERROR] [bili-user] callback error: TypeError: Cannot read properties of undefined (reading 'access_key')
    at p.<anonymous> (https://s1.hdslb.com/bfs/static/home-v3/home-v3.81b6d1bac9e05c37d19721dd7cc3a2491d65cd7c.js:1:28981)
    at Array.<anonymous> (https://s1.hdslb.com/bfs/static/home-v3/1.home-v3.81b6d1bac9e05c37d19721dd7cc3a2491d65cd7c.js:1:9033)
    at p.dispatch (https://s1.hdslb.com/bfs/static/home-v3/1.home-v3.81b6d1bac9e05c37d19721dd7cc3a2491d65cd7c.js:7:1047)
    at p.dispatch (https://s1.hdslb.com/bfs/static/home-v3/1.home-v3.81b6d1bac9e05c37d19721dd7cc3a2491d65cd7c.js:1:6264)
    at s.refreshLoginInfo (https://s1.hdslb.com/bfs/static/home-v3/home-v3.81b6d1bac9e05c37d19721dd7cc3a2491d65cd7c.js:1:197267)
    at A.value (https://s1.hdslb.com/bfs/seed/laputa-header/bili-header.umd.js:25:10867)
    at A.value (https://s1.hdslb.com/bfs/seed/laputa-header/bili-header.umd.js:25:11719)
    at A.value (https://s1.hdslb.com/bfs/seed/laputa-header/bili-header.umd.js:25:12234)
    at A.value (https://s1.hdslb.com/bfs/seed/laputa-header/bili-header.umd.js:25:12497)
    at https://s1.hdslb.com/bfs/seed/laputa-header/bili-header.umd.js:30:561692 @ https://s1.hdslb.com/bfs/seed/laputa-header/bili-header.umd.js:24
[     830ms] [INFO] %c bili-fe-mirror %c v2.1.0  padding: 2px 6px; border-radius: 3px 0 0 3px; color: #fff; background: #FF6699; font-weight: bold; padding: 2px 6px; border-radius: 0 3px 3px 0; color: #fff; background: #FF9999; font-weight: bold; @ https://s1.hdslb.com/bfs/seed/jinkela/short/b-mirror/biliMirror.umd.mini.js:1
[    1143ms] [INFO] %c%s line-height: 30px; color: #FF6699 bili-fe-fp: 1.1.4 @ https://s1.hdslb.com/bfs/seed/jinkela/short/user-fingerprint/bili-user-fingerprint.min.js:0
[   45110ms] [WARNING] WebSocket connection to 'wss://broadcast.chat.bilibili.com:7826/sub' failed: WebSocket is closed before the connection is established. @ https://s1.hdslb.com/bfs/seed/crayon/im/message-notify.js:0
[   55126ms] [WARNING] WebSocket connection to 'wss://broadcast.chat.bilibili.com:7826/sub' failed: WebSocket is closed before the connection is established. @ https://s1.hdslb.com/bfs/seed/crayon/im/message-notify.js:0
[ 2689873ms] [WARNING] WebSocket connection to 'wss://broadcast.chat.bilibili.com:7826/sub' failed: WebSocket is closed before the connection is established. @ https://s1.hdslb.com/bfs/seed/crayon/im/message-notify.js:0
